TN:
SF:src\use-cases\submit-feedback-use-case.ts
FN:10,get
FN:16,execute
FN:12,SubmitFeedbackUseCase
FNF:3
FNH:3
FNDA:1,get
FNDA:3,execute
FNDA:1,SubmitFeedbackUseCase
DA:1,1
DA:2,1
DA:3,1
DA:4,1
DA:5,1
DA:6,1
DA:7,1
DA:8,1
DA:9,1
DA:10,1
DA:11,1
DA:12,1
DA:13,1
DA:14,1
DA:15,1
DA:16,1
DA:17,3
DA:18,3
DA:19,1
DA:20,1
DA:21,3
DA:22,1
DA:23,1
DA:24,1
DA:25,1
DA:26,1
DA:27,1
DA:28,1
DA:29,1
DA:30,1
DA:31,1
LF:31
LH:31
BRDA:10,0,0,1
BRDA:16,1,0,3
BRDA:18,2,0,1
BRDA:21,3,0,2
BRDA:21,4,0,1
BRDA:12,5,0,1
BRF:6
BRH:6
end_of_record
